<?xml version="1.0" encoding="UTF-8"?>
<!-- Generated by org.testng.reporters.JUnitReportReporter -->
<testsuite skipped="0" hostname="LAPTOP-AV86AHVK" name="com.nopcommerce.testsuite.LoginPageTest" tests="1" failures="0" timestamp="2021-12-05T21:07:21 GMT" time="6.105" errors="0">
  <testcase name="userShouldNavigateToLoginPageSuccessFully" time="6.105" classname="com.nopcommerce.testsuite.LoginPageTest"/>
  <system-out>
    <![CDATA[verifying the welcome message : [[ChromeDriver: chrome on WINDOWS (6eee63baae60cfaeece9d7e4015c14db)] -> xpath: //h1[normalize-space()='Welcome, Please Sign In!']]<br>]]>
  </system-out>
</testsuite> <!-- com.nopcommerce.testsuite.LoginPageTest -->
